<?xml version="1.0" encoding="UTF-8"?>
<!-- Generated by org.testng.reporters.JUnitXMLReporter -->
<testsuite hostname="INHYDSRIKANTHP" ignored="0" name="SignIn" tests="3" failures="0" timestamp="27 Mar 2019 11:41:53 GMT" time="26.408" errors="0">
  <testcase name="SignIn" time="3.47" classname="automationFramework.SignIn_TC"/>
  <testcase name="Register" time="4.526" classname="automationFramework.Register_TC"/>
  <testcase name="SignIn" time="3.012" classname="automationFramework.SignIn_TC"/>
</testsuite> <!-- SignIn -->
